
Tue Aug 18 2015 19:57:30 GMT+0200 (CEST)

Operating System
  Name                        = Mac OS X
  Version                     = 10.10.4
  Architecture                = 64bit
  # CPUs                      = 8
  Memory                      = 17179869184

Node.js
  Node.js Version             = 0.10.37
  npm Version                 = 1.4.28

Titanium CLI
  CLI Version                 = 4.0.1

Titanium SDK
  SDK Version                 = 4.1.0.GA
  SDK Path                    = /Users/ivan/Library/Application Support/Titanium/mobilesdk/osx/4.1.0.GA
  Target Platform             = android

Command
  /usr/local/bin/node /Users/ivan/.appcelerator/install/4.1.2/package/node_modules/appc-cli-titanium/node_modules/titanium/bin/titanium build --platform android --log-level trace --sdk 4.1.0.GA --project-dir /Users/ivan/Documents/Appcelerator_Studio_Workspace/Ruta Teresiana --target emulator --android-sdk /Users/ivan/Library/android-sdk-macosx --device-id Google Nexus 4 - 4.4.4 - API 19 - 768x1280 --skip-js-minify --liveview --deploy-type development --no-colors --no-progress-bars --no-prompt --prompt-type socket-bundle --prompt-port 51768 --plugin-paths /Users/ivan/.appcelerator/install/4.1.2/package/node_modules --config-file /var/folders/38/_zk1hvg54mxdq4jz0w3nmtyh0000gn/T/build-1439920645253.json --no-banner

[DEBUG]  Detecting modules in /Users/ivan/Documents/Appcelerator_Studio_Workspace/Ruta Teresiana/modules
[DEBUG]  Detected android module: dk.napp.drawer 1.1.6 @ /Users/ivan/Documents/Appcelerator_Studio_Workspace/Ruta Teresiana/modules/android/dk.napp.drawer/1.1.6
[DEBUG]  Detected iphone module: dk.napp.drawer 1.2.2 @ /Users/ivan/Documents/Appcelerator_Studio_Workspace/Ruta Teresiana/modules/iphone/dk.napp.drawer/1.2.2
[DEBUG]  Detecting modules in /Users/ivan/Library/Application Support/Titanium/modules
[DEBUG]  Detected android module: com.appcelerator.apm 1.1.1 @ /Users/ivan/Library/Application Support/Titanium/modules/android/com.appcelerator.apm/1.1.1
[DEBUG]  Detected android module: com.hinter.immersive 1.0.0 @ /Users/ivan/Library/Application Support/Titanium/modules/android/com.hinter.immersive/1.0.0
[DEBUG]  Detected android module: dk.napp.drawer 1.1.5 @ /Users/ivan/Library/Application Support/Titanium/modules/android/dk.napp.drawer/1.1.5
[DEBUG]  Detected android module: dk.napp.drawer 1.1.6 @ /Users/ivan/Library/Application Support/Titanium/modules/android/dk.napp.drawer/1.1.6
[DEBUG]  Detected android module: facebook 3.0.3 @ /Users/ivan/Library/Application Support/Titanium/modules/android/facebook/3.0.3
[DEBUG]  Detected android module: facebook 4.0.3 @ /Users/ivan/Library/Application Support/Titanium/modules/android/facebook/4.0.3
[DEBUG]  Detected android module: facebook 4.0.5 @ /Users/ivan/Library/Application Support/Titanium/modules/android/facebook/4.0.5
[DEBUG]  Detected android module: ti.cloudpush 3.3.7 @ /Users/ivan/Library/Application Support/Titanium/modules/android/ti.cloudpush/3.3.7
[DEBUG]  Detected android module: ti.cloudpush 3.3.8 @ /Users/ivan/Library/Application Support/Titanium/modules/android/ti.cloudpush/3.3.8
[DEBUG]  Detected android module: ti.map 2.2.3 @ /Users/ivan/Library/Application Support/Titanium/modules/android/ti.map/2.2.3
[DEBUG]  Detected android module: ti.map 2.3.0 @ /Users/ivan/Library/Application Support/Titanium/modules/android/ti.map/2.3.0
[DEBUG]  Detected android module: ti.map 2.3.1 @ /Users/ivan/Library/Application Support/Titanium/modules/android/ti.map/2.3.1
[DEBUG]  Detected commonjs module: ti.cloud 3.2.7 @ /Users/ivan/Library/Application Support/Titanium/modules/commonjs/ti.cloud/3.2.7
[DEBUG]  Detected commonjs module: ti.cloud 3.2.8 @ /Users/ivan/Library/Application Support/Titanium/modules/commonjs/ti.cloud/3.2.8
[DEBUG]  Detected commonjs module: ti.cloud 3.2.9 @ /Users/ivan/Library/Application Support/Titanium/modules/commonjs/ti.cloud/3.2.9
[DEBUG]  Detected iphone module: com.appcelerator.apm 1.1.1 @ /Users/ivan/Library/Application Support/Titanium/modules/iphone/com.appcelerator.apm/1.1.1
[DEBUG]  Detected iphone module: com.appcelerator.urlSession 1.1.0 @ /Users/ivan/Library/Application Support/Titanium/modules/iphone/com.appcelerator.urlSession/1.1.0
[DEBUG]  Detected iphone module: com.appcelerator.urlSession 1.1.1 @ /Users/ivan/Library/Application Support/Titanium/modules/iphone/com.appcelerator.urlSession/1.1.1
[DEBUG]  Detected iphone module: dk.napp.drawer 1.2.1 @ /Users/ivan/Library/Application Support/Titanium/modules/iphone/dk.napp.drawer/1.2.1
[DEBUG]  Detected iphone module: dk.napp.drawer 1.2.2 @ /Users/ivan/Library/Application Support/Titanium/modules/iphone/dk.napp.drawer/1.2.2
[DEBUG]  Detected iphone module: facebook 3.2.0 @ /Users/ivan/Library/Application Support/Titanium/modules/iphone/facebook/3.2.0
[DEBUG]  Detected iphone module: facebook 4.0.3 @ /Users/ivan/Library/Application Support/Titanium/modules/iphone/facebook/4.0.3
[DEBUG]  Detected iphone module: facebook 4.0.5 @ /Users/ivan/Library/Application Support/Titanium/modules/iphone/facebook/4.0.5
[DEBUG]  Detected iphone module: ti.coremotion 1.1.0 @ /Users/ivan/Library/Application Support/Titanium/modules/iphone/ti.coremotion/1.1.0
[DEBUG]  Detected iphone module: ti.map 2.2.0 @ /Users/ivan/Library/Application Support/Titanium/modules/iphone/ti.map/2.2.0
[DEBUG]  Detected iphone module: ti.map 2.2.2 @ /Users/ivan/Library/Application Support/Titanium/modules/iphone/ti.map/2.2.2
[DEBUG]  Detected iphone module: ti.map 2.3.1 @ /Users/ivan/Library/Application Support/Titanium/modules/iphone/ti.map/2.3.1
[DEBUG]  Detected iphone module: ti.touchid 1.1.0 @ /Users/ivan/Library/Application Support/Titanium/modules/iphone/ti.touchid/1.1.0
[DEBUG]  Looking for Titanium module id=dk.napp.drawer version=1.1.6 platform=android deploy-type=development
[INFO]   Found Titanium module id=dk.napp.drawer version=1.1.6 platform=android deploy-type=development path=/Users/ivan/Documents/Appcelerator_Studio_Workspace/Ruta Teresiana/modules/android/dk.napp.drawer/1.1.6
[DEBUG]  Detecting plugins in /Users/ivan/Documents/Appcelerator_Studio_Workspace/Ruta Teresiana/plugins
[DEBUG]  Detected plugin: ti.alloy @ /Users/ivan/Documents/Appcelerator_Studio_Workspace/Ruta Teresiana/plugins/ti.alloy
[DEBUG]  Detecting plugins in /Users/ivan/Library/Application Support/Titanium/plugins
[DEBUG]  Detected plugin: com.appcelerator.test @ /Users/ivan/Library/Application Support/Titanium/plugins/com.appcelerator.test
[DEBUG]  Looking for Titanium plugin id=ti.alloy version=1.0
[INFO]   Found Titanium plugin id=ti.alloy version=1.0 
[DEBUG]  Titanium SDK Android directory: /Users/ivan/Library/Application Support/Titanium/mobilesdk/osx/4.1.0.GA/android
[INFO]   Deploy type: development
[INFO]   Building for target: emulator
[INFO]   Building for emulator: Google Nexus 4 - 4.4.4 - API 19 - 768x1280
[INFO]   Targeting Android SDK: 21
[INFO]   Building for the following architectures: armeabi, armeabi-v7a, x86
[INFO]   Signing with keystore: /Users/ivan/Library/Application Support/Titanium/mobilesdk/osx/4.1.0.GA/android/dev_keystore (tidev)
[DEBUG]  App ID: com.aremox.rutaTeresiana
[DEBUG]  Classname: RutaTeresiana
[INFO]   Debugging disabled
[INFO]   Profiler disabled
[INFO]   Forcing rebuild: modules hash changed since last build
[INFO]     Was: d41d8cd98f00b204e9800998ecf8427e
[INFO]     Now: 549281d776ae0071165dcbcc11cffe58
[INFO]   Found Alloy app in /Users/ivan/Documents/Appcelerator_Studio_Workspace/Ruta Teresiana/app
[INFO]   Executing Alloy compile: /usr/local/bin/node /Users/ivan/.appcelerator/install/4.1.2/package/node_modules/appc-cli-titanium/node_modules/.bin/alloy compile /Users/ivan/Documents/Appcelerator_Studio_Workspace/Ruta Teresiana/app --config platform=android,version=0,simtype=none,devicefamily=none,deploytype=development,target=emulator --no-colors
[DEBUG]         .__  .__                
[DEBUG]  _____  |  | |  |   ____ ___.__.
[DEBUG]  \__  \ |  | |  |  /  _ <   |  |
[DEBUG]   / __ \|  |_|  |_(  <_> )___  |
[DEBUG]  (____  /____/____/\____// ____|
[DEBUG]       \/                 \/
[DEBUG]  Alloy 1.6.2 by Appcelerator. The MVC app framework for Titanium.
[DEBUG]  ----- CONFIGURATION -----
[DEBUG]  raw config = "platform=android,version=0,simtype=none,devicefamily=none,deploytype=development,target=emulator"
[DEBUG]  platform = android
[DEBUG]  version = 0
[DEBUG]  simtype = none
[DEBUG]  devicefamily = none
[DEBUG]  deploytype = development
[DEBUG]  target = emulator
[DEBUG]  project path = /Users/ivan/Documents/Appcelerator_Studio_Workspace/Ruta Teresiana
[DEBUG]  app path = /Users/ivan/Documents/Appcelerator_Studio_Workspace/Ruta Teresiana/app
[DEBUG]  
[DEBUG]  ----- CONFIG.JSON -----
[DEBUG]  dependencies = {"nl.fokkezb.drawer":"1.1.2"}
[INFO]   [config.json] config.json unchanged, using cached config.json...
[DEBUG]  {
[DEBUG]  "dependencies": {
[DEBUG]  "nl.fokkezb.drawer": "1.1.2"
[DEBUG]  },
[DEBUG]  "sourcemap": true,
[DEBUG]  "autoStyle": false,
[DEBUG]  "adapters": [
[DEBUG]  "localStorage",
[DEBUG]  "properties",
[DEBUG]  "sql"
[DEBUG]  ]
[DEBUG]  }
[DEBUG]  
[DEBUG]  ----- CLEANING RESOURCES -----
[DEBUG]  Removing orphaned controllers ...
[DEBUG]  Removing orphaned models ...
[DEBUG]  Removing orphaned styles ...
[DEBUG]  Removing orphaned sync adapters...
[DEBUG]  Removing orphaned assets and libs...
[DEBUG]  
[DEBUG]  ----- BASE RUNTIME FILES -----
[TRACE]  SRC_DIR=/Users/ivan/.appcelerator/install/4.1.2/package/node_modules/appc-cli-titanium/node_modules/alloy/Alloy/lib
[TRACE]  Copying SRC_DIR/alloy/sync/sql.js --> Resources/android/alloy/sync/sql.js
[TRACE]  Copying SRC_DIR/alloy/sync/properties.js --> Resources/android/alloy/sync/properties.js
[TRACE]  Copying SRC_DIR/alloy/sync/localStorage.js --> Resources/android/alloy/sync/localStorage.js
[TRACE]  Copying SRC_DIR/alloy/controllers/BaseController.js --> Resources/android/alloy/controllers/BaseController.js
[TRACE]  Copying SRC_DIR/alloy/widget.js --> Resources/android/alloy/widget.js
[TRACE]  Copying SRC_DIR/alloy/underscore.js --> Resources/android/alloy/underscore.js
[TRACE]  Copying SRC_DIR/alloy.js --> Resources/android/alloy.js
[TRACE]  
[TRACE]  SRC_DIR=/Users/ivan/.appcelerator/install/4.1.2/package/node_modules/appc-cli-titanium/node_modules/alloy/Alloy/common
[TRACE]  Copying SRC_DIR/constants.js --> Resources/android/alloy/constants.js
[TRACE]  
[TRACE]  SRC_DIR=/Users/ivan/Documents/Appcelerator_Studio_Workspace/Ruta Teresiana/app/assets
[TRACE]  
[TRACE]  SRC_DIR=/Users/ivan/Documents/Appcelerator_Studio_Workspace/Ruta Teresiana/app/lib
[TRACE]  Copying SRC_DIR/xp.ui.js --> Resources/android/xp.ui.js
[TRACE]  - Processing "builtins" module...
[TRACE]  - Processing "optimizer" module...
[TRACE]  - Processing "compress" module...
[DEBUG]  map:        "/Users/ivan/Documents/Appcelerator_Studio_Workspace/Ruta Teresiana/build/map/Resources/android/xp.ui.js.map"
[TRACE]  Copying SRC_DIR/location.js --> Resources/android/location.js
[TRACE]  - Processing "builtins" module...
[TRACE]  - Processing "optimizer" module...
[TRACE]  - Processing "compress" module...
[DEBUG]  map:        "/Users/ivan/Documents/Appcelerator_Studio_Workspace/Ruta Teresiana/build/map/Resources/android/location.js.map"
[TRACE]  Copying SRC_DIR/IconicFont.js --> Resources/android/IconicFont.js
[TRACE]  - Processing "builtins" module...
[TRACE]  - Processing "optimizer" module...
[TRACE]  - Processing "compress" module...
[DEBUG]  map:        "/Users/ivan/Documents/Appcelerator_Studio_Workspace/Ruta Teresiana/build/map/Resources/android/IconicFont.js.map"
[TRACE]  Copying SRC_DIR/FontAwesome.js --> Resources/android/FontAwesome.js
[TRACE]  - Processing "builtins" module...
[TRACE]  - Processing "optimizer" module...
[TRACE]  - Processing "compress" module...
[DEBUG]  map:        "/Users/ivan/Documents/Appcelerator_Studio_Workspace/Ruta Teresiana/build/map/Resources/android/FontAwesome.js.map"
[TRACE]  
[DEBUG]  
[INFO]   ----- MVC GENERATION -----
[INFO]   [global style] loading from cache...
[INFO]   [models/pueblos.js] model processing...
[INFO]   [widget.xml] nl.fokkezb.drawer view processing...
[INFO]   view:       "widget.xml"
[INFO]   controller: "widget.js"
[TRACE]  - Processing "builtins" module...
[TRACE]  - Processing "optimizer" module...
[TRACE]  - Processing "compress" module...
[INFO]   created:    "Resources/android/alloy/widgets/nl.fokkezb.drawer/controllers/widget.js"
[DEBUG]  map:        "build/map/Resources/android/alloy/widgets/nl.fokkezb.drawer/controllers/widget.js.map"
[INFO]   created:     "Resources/android/alloy/widgets/nl.fokkezb.drawer/styles/widget.js"
[INFO]   [index.xml] view processing...
[INFO]   style:      "index.tss"
[INFO]   view:       "index.xml"
[INFO]   controller: "index.js"
[TRACE]  - Processing "builtins" module...
[TRACE]  - Processing "optimizer" module...
[TRACE]  - Processing "compress" module...
[INFO]   created:    "Resources/android/alloy/controllers/index.js"
[DEBUG]  map:        "build/map/Resources/android/alloy/controllers/index.js.map"
[INFO]   created:     "Resources/android/alloy/styles/index.js"
[INFO]   [listaPueblos.xml] view processing...
[INFO]   style:      "listaPueblos.tss"
[INFO]   view:       "listaPueblos.xml"
[INFO]   controller: "listaPueblos.js"
[TRACE]  - Processing "builtins" module...
[TRACE]  - Processing "optimizer" module...
[TRACE]  - Processing "compress" module...
[INFO]   created:    "Resources/android/alloy/controllers/listaPueblos.js"
[DEBUG]  map:        "build/map/Resources/android/alloy/controllers/listaPueblos.js.map"
[INFO]   created:     "Resources/android/alloy/styles/listaPueblos.js"
[INFO]   [mapa.xml] view processing...
[INFO]   style:      "mapa.tss"
[INFO]   view:       "mapa.xml"
[INFO]   controller: "mapa.js"
[TRACE]  - Processing "builtins" module...
[TRACE]  - Processing "optimizer" module...
[TRACE]  - Processing "compress" module...
[INFO]   created:    "Resources/android/alloy/controllers/mapa.js"
[DEBUG]  map:        "build/map/Resources/android/alloy/controllers/mapa.js.map"
[INFO]   created:     "Resources/android/alloy/styles/mapa.js"
[INFO]   [pueblo.xml] view processing...
[INFO]   style:      "pueblo.tss"
[INFO]   view:       "pueblo.xml"
[INFO]   controller: "pueblo.js"
[TRACE]  - Processing "builtins" module...
[TRACE]  - Processing "optimizer" module...
[TRACE]  - Processing "compress" module...
[INFO]   created:    "Resources/android/alloy/controllers/pueblo.js"
[DEBUG]  map:        "build/map/Resources/android/alloy/controllers/pueblo.js.map"
[INFO]   created:     "Resources/android/alloy/styles/pueblo.js"
[INFO]   
[INFO]   [app.js] using cached app.js...
[INFO]   
[INFO]   ----- OPTIMIZING -----
[INFO]   - android/FontAwesome.js
[TRACE]  processing "builtins" module...
[TRACE]  processing "optimizer" module...
[TRACE]  processing "compress" module...
[INFO]   - android/IconicFont.js
[TRACE]  processing "builtins" module...
[TRACE]  processing "optimizer" module...
[TRACE]  processing "compress" module...
[INFO]   - android/alloy.js
[TRACE]  processing "builtins" module...
[TRACE]  processing "optimizer" module...
[TRACE]  processing "compress" module...
[INFO]   - android/location.js
[TRACE]  processing "builtins" module...
[TRACE]  processing "optimizer" module...
[TRACE]  processing "compress" module...
[INFO]   - android/xp.ui.js
[TRACE]  processing "builtins" module...
[TRACE]  processing "optimizer" module...
[TRACE]  processing "compress" module...
[INFO]   - android/alloy/models/Pueblos.js
[TRACE]  processing "builtins" module...
[TRACE]  processing "optimizer" module...
[TRACE]  processing "compress" module...
[INFO]   - android/alloy/sync/localStorage.js
[TRACE]  processing "builtins" module...
[TRACE]  processing "optimizer" module...
[TRACE]  processing "compress" module...
[INFO]   - android/alloy/sync/properties.js
[TRACE]  processing "builtins" module...
[TRACE]  processing "optimizer" module...
[TRACE]  processing "compress" module...
[INFO]   - android/alloy/sync/sql.js
[TRACE]  processing "builtins" module...
[TRACE]  processing "optimizer" module...
[TRACE]  processing "compress" module...
[INFO]   - android/alloy/widgets/nl.fokkezb.drawer/controllers/widget.js
[TRACE]  processing "builtins" module...
[TRACE]  processing "optimizer" module...
[TRACE]  processing "compress" module...
[INFO]   - android/alloy/widgets/nl.fokkezb.drawer/styles/widget.js
[TRACE]  processing "builtins" module...
[TRACE]  processing "optimizer" module...
[TRACE]  processing "compress" module...
[TRACE]  
[TRACE]  Benchmarking
[TRACE]  ------------
[TRACE]  [0.64923s] TOTAL
[INFO]   
[INFO]   Alloy compiled in 0.64923s
[INFO]   Alloy compiler completed successfully
[INFO]   Launching emulator: Google Nexus 4 - 4.4.4 - API 19 - 768x1280
[TRACE]  Starting emulator: Google Nexus 4 - 4.4.4 - API 19 - 768x1280
[TRACE]  Checking if emulator Google Nexus 4 - 4.4.4 - API 19 - 768x1280 is running...
[TRACE]  Detecting if Google Nexus 4 - 4.4.4 - API 19 - 768x1280 exists...
[TRACE]  Found 5 emulators
[TRACE]  Emulator exists, detecting all running emulators and connected devices...
[TRACE]  Detected 1 running emulators and connected devices
[TRACE]  Checking 1 devices to see if it's the emulator we want
[TRACE]  The emulator is NOT running
[TRACE]  Emulator not running, detecting running emulators
[TRACE]  Found 5 emulators
[TRACE]  Starting the emulator...
[INFO]   Running: /Applications/Genymotion.app/Contents/MacOS/player --vm-name "Google Nexus 4 - 4.4.4 - API 19 - 768x1280"
[TRACE]  Emulator is starting, monitoring boot state...
[TRACE]  Checking the boot state for the next 240000 ms
[TRACE]  Waiting for emulator to register with ADB
[TRACE]  Emulator process started
[TRACE]  offline build file /var/folders/38/_zk1hvg54mxdq4jz0w3nmtyh0000gn/T/build-59a49b0a1e6d02d734ab5eb50d73672504083ed5.json
[TRACE]  Found 1 devices, checking if any of them are the emulator...
[TRACE]  online 1
[TRACE]  last build was 4076.924 sec ago, need a re-verify and re-build
[TRACE]  sending request {"json":{"username":"arenasmorante@gmail.com","session":"911fdd140b2383938440d5d7df67625d92ed38de 3B3lJu69rbshQWnHJjIVEtN6AvaJIaZVT7vNJkGfBYEjQybXNHT5zJyuuvKlzjfCqMIG2JOBrKnqGg31nxWHjmQ43ObM5DQFS7YkSixvWumYHKDvf5D7a1zYI237jGXQRHpBqiaTnxP6EYQ18cxQOREGDfj8LtJRUt7Ba3kV7CEnRpCFsrtZqepAjaWdJPWLKxYahTcp1SLqOVV4WiPxRbmwnpf1GdQQAnUuMaLvLLBzvbIj2c/KK8jFr2KYqk8NnwpOmqRySt+ZyFryTm1mGAkXqew1q/lfAdwwN3nUKe4dXbWy3AY0/xhQM5YixUKzGTRjnxHP2gFeS91dN7NLcOccs80ZhZG9utinuIlcW2UguQSFUKYJu92pMtl6KwVG7R072bYpr3i9dmJ1uQ9M65FMBVDmvoRSo2fEEgNmOeudRfbP3pLn48Mx/TBdlssSoCa4rId5gyohwIWPwCbKu1WIxnOJ4xFSsRkVLqJd1SHuPb3+t46ZIlS+XjDm7zdLvQaBnBOilHcpdd4EKuSXus+yjEYtrJrc+EpgJL+zOqncvunK1Ah9/ripJxwFF92oy1aJEtcdQcmkcLNqZlA2Ds0DeuAJ6Q3aQCK8gaekfH4YUi8ErLPHnRHGJ6mknpxaWy5AeTQT1iBIvD10hmLQLa5xvjKG7soVqYgr2KHWi0N1XUguuWFymLxDmD86Upkl1+FupTzAu9U9MocRDUYVEHCe0ZYZlNz2kCLakD7sOGQ2EU/C1B2TvRrxBa68jUuBz9OeIhENLGkTarnsez9GUcoDSuS4KGkP9ZnSd80Boa4=","ipaddress":"192.168.43.222","fingerprint":"b44afaca23a648ebaf7aed08fb4a7de1fc378148","fingerprint_description":"Mac OSX Serial Number: C02P567RG3QC","guid":"e157524a-9320-4a03-9999-d5965a41bfdc","appid":"com.aremox.rutaTeresiana","name":"Ruta Teresiana","org_id":100008863,"deploytype":"development","tiappxml":"<?xml version=\"1.0\" encoding=\"UTF-8\"?>\n<ti:app \n  xmlns:ti=\"http://ti.appcelerator.org\">\n  <id>com.aremox.rutaTeresiana</id>\n  <name>Ruta Teresiana</name>\n  <version>1.0</version>\n  <publisher>ivan</publisher>\n  <url>http://</url>\n  <description>undefined</description>\n  <copyright>2015 by ivan</copyright>\n  <icon>appicon.png</icon>\n  <fullscreen>false</fullscreen>\n  <navbar-hidden>false</navbar-hidden>\n  <analytics>true</analytics>\n  <guid>e157524a-9320-4a03-9999-d5965a41bfdc</guid>\n  <property name=\"ti.ui.defaultunit\" type=\"string\">dp</property>\n  <ios>\n    <plist>\n      <dict>\n        <key>NSLocationAlwaysUsageDescription</key>\n        <string>\n                    Obtener la posicion del ususrio para poder hacer check.\n                </string>\n        <key>UISupportedInterfaceOrientations~iphone</key>\n        <array>\n          <string>UIInterfaceOrientationPortrait</string>\n        </array>\n        <key>UISupportedInterfaceOrientations~ipad</key>\n        <array>\n          <string>UIInterfaceOrientationPortrait</string>\n          <string>UIInterfaceOrientationPortraitUpsideDown</string>\n          <string>UIInterfaceOrientationLandscapeLeft</string>\n          <string>UIInterfaceOrientationLandscapeRight</string>\n        </array>\n        <key>UIRequiresPersistentWiFi</key>\n        <false/>\n        <key>UIPrerenderedIcon</key>\n        <false/>\n        <key>UIStatusBarHidden</key>\n        <false/>\n        <key>UIStatusBarStyle</key>\n        <string>UIStatusBarStyleDefault</string>\n      </dict>\n    </plist>\n  </ios>\n  <android \n    xmlns:android=\"http://schemas.android.com/apk/res/android\">\n    <manifest>\n      <application android:theme=\"@style/Theme.NoActionBar\"/>\n    </manifest>\n  </android>\n  <mobileweb>\n    <precache/>\n    <splash>\n      <enabled>true</enabled>\n      <inline-css-images>true</inline-css-images>\n    </splash>\n    <theme>default</theme>\n  </mobileweb>\n  <modules>\n    <module platform=\"iphone\" version=\"1.2.2\">dk.napp.drawer</module>\n    <module platform=\"android\" version=\"1.1.6\">dk.napp.drawer</module>\n  </modules>\n  <deployment-targets>\n    <target device=\"android\">true</target>\n    <target device=\"ipad\">true</target>\n    <target device=\"iphone\">true</target>\n    <target device=\"mobileweb\">true</target>\n  </deployment-targets>\n  <sdk-version>4.1.0.GA</sdk-version>\n  <plugins>\n    <plugin version=\"1.0\">ti.alloy</plugin>\n  </plugins>\n  <property name=\"appc-app-id\" type=\"string\">55a7db2f49e10fda17c68ebb</property>\n</ti:app>","modules":[{"id":"dk.napp.drawer","platform":["android"],"version":"1.1.6","deployType":["development"],"modulePath":"/Users/ivan/Documents/Appcelerator_Studio_Workspace/Ruta Teresiana/modules/android/dk.napp.drawer/1.1.6","manifest":{"version":"1.1.6","apiversion":"2","description":"Napp Drawer","author":"Mads Moller","license":"MIT","copyright":"Napp ApS","architectures":"armeabi armeabi-v7a x86","name":"nappslide","moduleid":"dk.napp.drawer","guid":"0f157d47-db5c-4891-8197-c851e8d329e0","platform":"android","minsdk":"4.1.0.GA"},"native":true,"jarName":"nappslide.jar","jarFile":"/Users/ivan/Documents/Appcelerator_Studio_Workspace/Ruta Teresiana/modules/android/dk.napp.drawer/1.1.6/nappslide.jar","hash":"44580c061d6bb8cf552356c4f215478d","abis":["armeabi","armeabi-v7a","x86"],"bindings":{"modules":{"dk.napp.drawer.NappdrawerModule":{"apiName":"Nappdrawer","createProxies":[{"proxyClassName":"dk.napp.drawer.DrawerProxy","id":"dk.napp.drawer.DrawerProxy","propertyAccessors":[],"isTopLevel":false,"name":"Drawer","parentModule":"org.appcelerator.kroll.annotations.Kroll.DEFAULT","creatableInModule":"dk.napp.drawer.NappdrawerModule","fullAPIName":"Nappdrawer.Drawer"}]}},"proxies":{"dk.napp.drawer.DrawerProxy":{"methods":{"setLeftDrawerWidth":{"hasInvocation":false,"apiName":"setLeftDrawerWidth","defaultValueProvider":"org.appcelerator.kroll.KrollConverter","args":[{"defaultValueProvider":"org.appcelerator.kroll.KrollConverter","converter":"org.appcelerator.kroll.KrollConverter","sourceName":"arg","name":"arg","type":"java.lang.Object"}],"converter":"org.appcelerator.kroll.KrollConverter","runOnUiThread":false,"name":"__default_name__","returnType":"void"},"setShadowWidth":{"hasInvocation":false,"apiName":"setShadowWidth","defaultValueProvider":"org.appcelerator.kroll.KrollConverter","args":[{"defaultValueProvider":"org.appcelerator.kroll.KrollConverter","converter":"org.appcelerator.kroll.KrollConverter","sourceName":"arg","name":"arg","type":"java.lang.Object"}],"converter":"org.appcelerator.kroll.KrollConverter","runOnUiThread":false,"name":"__default_name__","returnType":"void"},"setHamburgerIconColor":{"hasInvocation":false,"apiName":"setHamburgerIconColor","defaultValueProvider":"org.appcelerator.kroll.KrollConverter","args":[{"defaultValueProvider":"org.appcelerator.kroll.KrollConverter","converter":"org.appcelerator.kroll.KrollConverter","sourceName":"arg","name":"arg","type":"java.lang.Object"}],"converter":"org.appcelerator.kroll.KrollConverter","runOnUiThread":false,"name":"__default_name__","returnType":"void"},"getRealLeftViewWidth":{"hasInvocation":false,"apiName":"getRealLeftViewWidth","defaultValueProvider":"org.appcelerator.kroll.KrollConverter","args":[],"converter":"org.appcelerator.kroll.KrollConverter","runOnUiThread":false,"name":"__default_name__","returnType":"int"},"closeLeftWindow":{"hasInvocation":false,"apiName":"closeLeftWindow","defaultValueProvider":"org.appcelerator.kroll.KrollConverter","args":[{"defaultValueProvider":"org.appcelerator.kroll.KrollConverter","converter":"org.appcelerator.kroll.KrollConverter","sourceName":"obj","name":"obj","optional":true,"type":"java.lang.Object"}],"converter":"org.appcelerator.kroll.KrollConverter","runOnUiThread":false,"name":"__default_name__","returnType":"void"},"closeWindows":{"hasInvocation":false,"apiName":"closeWindows","defaultValueProvider":"org.appcelerator.kroll.KrollConverter","args":[{"defaultValueProvider":"org.appcelerator.kroll.KrollConverter","converter":"org.appcelerator.kroll.KrollConverter","sourceName":"obj","name":"obj","optional":true,"type":"java.lang.Object"}],"converter":"org.appcelerator.kroll.KrollConverter","runOnUiThread":false,"name":"__default_name__","returnType":"void"},"isLeftWindowOpen":{"hasInvocation":false,"apiName":"isLeftWindowOpen","defaultValueProvider":"org.appcelerator.kroll.KrollConverter","args":[],"converter":"org.appcelerator.kroll.KrollConverter","runOnUiThread":false,"name":"__default_name__","returnType":"boolean"},"getRealRightViewWidth":{"hasInvocation":false,"apiName":"getRealRightViewWidth","defaultValueProvider":"org.appcelerator.kroll.KrollConverter","args":[],"converter":"org.appcelerator.kroll.KrollConverter","runOnUiThread":false,"name":"__default_name__","returnType":"int"},"setCloseDrawerGestureMode":{"hasInvocation":false,"apiName":"setCloseDrawerGestureMode","defaultValueProvider":"org.appcelerator.kroll.KrollConverter","args":[{"defaultValueProvider":"org.appcelerator.kroll.KrollConverter","converter":"org.appcelerator.kroll.KrollConverter","sourceName":"arg","name":"arg","type":"java.lang.Object"}],"converter":"org.appcelerator.kroll.KrollConverter","runOnUiThread":false,"name":"__default_name__","returnType":"void"},"openLeftWindow":{"hasInvocation":false,"apiName":"openLeftWindow","defaultValueProvider":"org.appcelerator.kroll.KrollConverter","args":[{"defaultValueProvider":"org.appcelerator.kroll.KrollConverter","converter":"org.appcelerator.kroll.KrollConverter","sourceName":"obj","name":"obj","optional":true,"type":"java.lang.Object"}],"converter":"org.appcelerator.kroll.KrollConverter","runOnUiThread":false,"name":"__default_name__","returnType":"void"},"setArrowAnimation":{"hasInvocation":false,"apiName":"setArrowAnimation","defaultValueProvider":"org.appcelerator.kroll.KrollConverter","args":[{"defaultValueProvider":"org.appcelerator.kroll.KrollConverter","converter":"org.appcelerator.kroll.KrollConverter","sourceName":"arg","name":"arg","type":"java.lang.Object"}],"converter":"org.appcelerator.kroll.KrollConverter","runOnUiThread":false,"name":"__default_name__","returnType":"void"},"toggleRightWindow":{"hasInvocation":false,"apiName":"toggleRightWindow","defaultValueProvider":"org.appcelerator.kroll.KrollConverter","args":[{"defaultValueProvider":"org.appcelerator.kroll.KrollConverter","converter":"org.appcelerator.kroll.KrollConverter","sourceName":"obj","name":"obj","optional":true,"type":"java.lang.Object"}],"converter":"org.appcelerator.kroll.KrollConverter","runOnUiThread":false,"name":"__default_name__","returnType":"void"},"setHamburgerIcon":{"hasInvocation":false,"apiName":"setHamburgerIcon","defaultValueProvider":"org.appcelerator.kroll.KrollConverter","args":[{"defaultValueProvider":"org.appcelerator.kroll.KrollConverter","converter":"org.appcelerator.kroll.KrollConverter","sourceName":"arg","name":"arg","type":"java.lang.Object"}],"converter":"org.appcelerator.kroll.KrollConverter","runOnUiThread":false,"name":"__default_name__","returnType":"void"},"setAnimationMode":{"hasInvocation":false,"apiName":"setAnimationMode","defaultValueProvider":"org.appcelerator.kroll.KrollConverter","args":[{"defaultValueProvider":"org.appcelerator.kroll.KrollConverter","converter":"org.appcelerator.kroll.KrollConverter","sourceName":"arg","name":"arg","type":"java.lang.Object"}],"converter":"org.appcelerator.kroll.KrollConverter","runOnUiThread":false,"name":"__default_name__","returnType":"void"},"setOpenDrawerGestureMode":{"hasInvocation":false,"apiName":"setOpenDrawerGestureMode","defaultValueProvider":"org.appcelerator.kroll.KrollConverter","args":[{"defaultValueProvider":"org.appcelerator.kroll.KrollConverter","converter":"org.appcelerator.kroll.KrollConverter","sourceName":"arg","name":"arg","type":"java.lang.Object"}],"converter":"org.appcelerator.kroll.KrollConverter","runOnUiThread":false,"name":"__default_name__","returnType":"void"},"closeRightWindow":{"hasInvocation":false,"apiName":"closeRightWindow","defaultValueProvider":"org.appcelerator.kroll.KrollConverter","args":[{"defaultValueProvider":"org.appcelerator.kroll.KrollConverter","converter":"org.appcelerator.kroll.KrollConverter","sourceName":"obj","name":"obj","optional":true,"type":"java.lang.Object"}],"converter":"org.appcelerator.kroll.KrollConverter","runOnUiThread":false,"name":"__default_name__","returnType":"void"},"setCenterWindow":{"hasInvocation":false,"apiName":"setCenterWindow","defaultValueProvider":"org.appcelerator.kroll.KrollConverter","args":[{"defaultValueProvider":"org.appcelerator.kroll.KrollConverter","converter":"org.appcelerator.kroll.KrollConverter","sourceName":"arg","name":"arg","type":"java.lang.Object"}],"converter":"org.appcelerator.kroll.KrollConverter","runOnUiThread":false,"name":"__default_name__","returnType":"void"},"toggleLeftWindow":{"hasInvocation":false,"apiName":"toggleLeftWindow","defaultValueProvider":"org.appcelerator.kroll.KrollConverter","args":[{"defaultValueProvider":"org.appcelerator.kroll.KrollConverter","converter":"org.appcelerator.kroll.KrollConverter","sourceName":"obj","name":"obj","optional":true,"type":"java.lang.Object"}],"converter":"org.appcelerator.kroll.KrollConverter","runOnUiThread":false,"name":"__default_name__","returnType":"void"},"setLeftWindow":{"hasInvocation":false,"apiName":"setLeftWindow","defaultValueProvider":"org.appcelerator.kroll.KrollConverter","args":[{"defaultValueProvider":"org.appcelerator.kroll.KrollConverter","converter":"org.appcelerator.kroll.KrollConverter","sourceName":"arg","name":"arg","type":"java.lang.Object"}],"converter":"org.appcelerator.kroll.KrollConverter","runOnUiThread":false,"name":"__default_name__","returnType":"void"},"openRightWindow":{"hasInvocation":false,"apiName":"openRightWindow","defaultValueProvider":"org.appcelerator.kroll.KrollConverter","args":[{"defaultValueProvider":"org.appcelerator.kroll.KrollConverter","converter":"org.appcelerator.kroll.KrollConverter","sourceName":"obj","name":"obj","optional":true,"type":"java.lang.Object"}],"converter":"org.appcelerator.kroll.KrollConverter","runOnUiThread":false,"name":"__default_name__","returnType":"void"},"setParallaxAmount":{"hasInvocation":false,"apiName":"setParallaxAmount","defaultValueProvider":"org.appcelerator.kroll.KrollConverter","args":[{"defaultValueProvider":"org.appcelerator.kroll.KrollConverter","converter":"org.appcelerator.kroll.KrollConverter","sourceName":"value","name":"value","type":"java.lang.Object"}],"converter":"org.appcelerator.kroll.KrollConverter","runOnUiThread":false,"name":"__default_name__","returnType":"void"},"getParallaxAmount":{"hasInvocation":false,"apiName":"getParallaxAmount","defaultValueProvider":"org.appcelerator.kroll.KrollConverter","args":[],"converter":"org.appcelerator.kroll.KrollConverter","runOnUiThread":false,"name":"__default_name__","returnType":"float"},"isRightWindowOpen":{"hasInvocation":false,"apiName":"isRightWindowOpen","defaultValueProvider":"org.appcelerator.kroll.KrollConverter","args":[],"converter":"org.appcelerator.kroll.KrollConverter","runOnUiThread":false,"name":"__default_name__","returnType":"boolean"},"setRightDrawerWidth":{"hasInvocation":false,"apiName":"setRightDrawerWidth","defaultValueProvider":"org.appcelerator.kroll.KrollConverter","args":[{"defaultValueProvider":"org.appcelerator.kroll.KrollConverter","converter":"org.appcelerator.kroll.KrollConverter","sourceName":"arg","name":"arg","type":"java.lang.Object"}],"converter":"org.appcelerator.kroll.KrollConverter","runOnUiThread":false,"name":"__default_name__","returnType":"void"},"isAnyWindowOpen":{"hasInvocation":false,"apiName":"isAnyWindowOpen","defaultValueProvider":"org.appcelerator.kroll.KrollConverter","args":[],"converter":"org.appcelerator.kroll.KrollConverter","runOnUiThread":false,"name":"__default_name__","returnType":"boolean"},"setOrientationModes":{"hasInvocation":false,"apiName":"setOrientationModes","defaultValueProvider":"org.appcelerator.kroll.KrollConverter","args":[{"defaultValueProvider":"org.appcelerator.kroll.KrollConverter","converter":"org.appcelerator.kroll.KrollConverter","sourceName":"modes","name":"modes","type":"int[]"}],"converter":"org.appcelerator.kroll.KrollConverter","runOnUiThread":false,"name":"__default_name__","returnType":"void"},"setRightWindow":{"hasInvocation":false,"apiName":"setRightWindow","defaultValueProvider":"org.appcelerator.kroll.KrollConverter","args":[{"defaultValueProvider":"org.appcelerator.kroll.KrollConverter","converter":"org.appcelerator.kroll.KrollConverter","sourceName":"arg","name":"arg","type":"java.lang.Object"}],"converter":"org.appcelerator.kroll.KrollConverter","runOnUiThread":false,"name":"__default_name__","returnType":"void"},"setFading":{"hasInvocation":false,"apiName":"setFading","defaultValueProvider":"org.appcelerator.kroll.KrollConverter","args":[{"defaultValueProvider":"org.appcelerator.kroll.KrollConverter","converter":"org.appcelerator.kroll.KrollConverter","sourceName":"arg","name":"arg","type":"java.lang.Object"}],"converter":"org.appcelerator.kroll.KrollConverter","runOnUiThread":false,"name":"__default_name__","returnType":"void"}},"proxyClassName":"DrawerProxy","superProxyClassName":"TiWindowProxy","proxyAttrs":{"proxyClassName":"dk.napp.drawer.DrawerProxy","id":"dk.napp.drawer.DrawerProxy","propertyAccessors":[],"isTopLevel":false,"name":"Drawer","parentModule":"org.appcelerator.kroll.annotations.Kroll.DEFAULT","creatableInModule":"dk.napp.drawer.NappdrawerModule","fullAPIName":"Nappdrawer.Drawer"},"superProxyBindingClassName":"org.appcelerator.titanium.proxy.TiWindowProxyBindingGen","packageName":"dk.napp.drawer","useTiContext":true,"dynamicProperties":{"leftDrawerWidth":{"setDefaultProviders":["org.appcelerator.kroll.KrollConverter"],"get":false,"runOnUiThread":false,"set":true,"getHasInvocation":false,"setMethodArgs":[{"defaultValueProvider":"org.appcelerator.kroll.KrollConverter","converter":"org.appcelerator.kroll.KrollConverter","sourceName":"arg","name":"arg","type":"java.lang.Object"}],"setReturnType":"void","javascriptConverter":"org.appcelerator.kroll.KrollConverter","defaultValueProvider":"org.appcelerator.kroll.KrollConverter","converter":"org.appcelerator.kroll.KrollConverter","name":"leftDrawerWidth","retain":true,"setMethodName":"setLeftDrawerWidth","nativeConverter":"org.appcelerator.kroll.KrollConverter","setHasInvocation":false},"shadowWidth":{"setDefaultProviders":["org.appcelerator.kroll.KrollConverter"],"get":false,"runOnUiThread":false,"set":true,"getHasInvocation":false,"setMethodArgs":[{"defaultValueProvider":"org.appcelerator.kroll.KrollConverter","converter":"org.appcelerator.kroll.KrollConverter","sourceName":"arg","name":"arg","type":"java.lang.Object"}],"setReturnType":"void","javascriptConverter":"org.appcelerator.kroll.KrollConverter","defaultValueProvider":"org.appcelerator.kroll.KrollConverter","converter":"org.appcelerator.kroll.KrollConverter","name":"shadowWidth","retain":true,"setMethodName":"setShadowWidth","nativeConverter":"org.appcelerator.kroll.KrollConverter","setHasInvocation":false},"fading":{"setDefaultProviders":["org.appcelerator.kroll.KrollConverter"],"get":false,"runOnUiThread":false,"set":true,"getHasInvocation":false,"setMethodArgs":[{"defaultValueProvider":"org.appcelerator.kroll.KrollConverter","converter":"org.appcelerator.kroll.KrollConverter","sourceName":"arg","name":"arg","type":"java.lang.Object"}],"setReturnType":"void","javascriptConverter":"org.appcelerator.kroll.KrollConverter","defaultValueProvider":"org.appcelerator.kroll.KrollConverter","converter":"org.appcelerator.kroll.KrollConverter","name":"fading","retain":true,"setMethodName":"setFading","nativeConverter":"org.appcelerator.kroll.KrollConverter","setHasInvocation":false},"leftWindow":{"setDefaultProviders":["org.appcelerator.kroll.KrollConverter"],"get":false,"runOnUiThread":false,"set":true,"getHasInvocation":false,"setMethodArgs":[{"defaultValueProvider":"org.appcelerator.kroll.KrollConverter","converter":"org.appcelerator.kroll.KrollConverter","sourceName":"arg","name":"arg","type":"java.lang.Object"}],"setReturnType":"void","javascriptConverter":"org.appcelerator.kroll.KrollConverter","defaultValueProvider":"org.appcelerator.kroll.KrollConverter","converter":"org.appcelerator.kroll.KrollConverter","name":"leftWindow","retain":true,"setMethodName":"setLeftWindow","nativeConverter":"org.appcelerator.kroll.KrollConverter","setHasInvocation":false},"rightWindow":{"setDefaultProviders":["org.appcelerator.kroll.KrollConverter"],"get":false,"runOnUiThread":false,"set":true,"getHasInvocation":false,"setMethodArgs":[{"defaultValueProvider":"org.appcelerator.kroll.KrollConverter","converter":"org.appcelerator.kroll.KrollConverter","sourceName":"arg","name":"arg","type":"java.lang.Object"}],"setReturnType":"void","javascriptConverter":"org.appcelerator.kroll.KrollConverter","defaultValueProvider":"org.appcelerator.kroll.KrollConverter","converter":"org.appcelerator.kroll.KrollConverter","name":"rightWindow","retain":true,"setMethodName":"setRightWindow","nativeConverter":"org.appcelerator.kroll.KrollConverter","setHasInvocation":false},"orientationModes":{"setDefaultProviders":["org.appcelerator.kroll.KrollConverter"],"get":false,"runOnUiThread":false,"set":true,"getHasInvocation":false,"setMethodArgs":[{"defaultValueProvider":"org.appcelerator.kroll.KrollConverter","converter":"org.appcelerator.kroll.KrollConverter","sourceName":"modes","name":"modes","type":"int[]"}],"setReturnType":"void","javascriptConverter":"org.appcelerator.kroll.KrollConverter","defaultValueProvider":"org.appcelerator.kroll.KrollConverter","converter":"org.appcelerator.kroll.KrollConverter","name":"orientationModes","retain":true,"setMethodName":"setOrientationModes","nativeConverter":"org.appcelerator.kroll.KrollConverter","setHasInvocation":false},"arrowAnimation":{"setDefaultProviders":["org.appcelerator.kroll.KrollConverter"],"get":false,"runOnUiThread":false,"set":true,"getHasInvocation":false,"setMethodArgs":[{"defaultValueProvider":"org.appcelerator.kroll.KrollConverter","converter":"org.appcelerator.kroll.KrollConverter","sourceName":"arg","name":"arg","type":"java.lang.Object"}],"setReturnType":"void","javascriptConverter":"org.appcelerator.kroll.KrollConverter","defaultValueProvider":"org.appcelerator.kroll.KrollConverter","converter":"org.appcelerator.kroll.KrollConverter","name":"arrowAnimation","retain":true,"setMethodName":"setArrowAnimation","nativeConverter":"org.appcelerator.kroll.KrollConverter","setHasInvocation":false},"hamburgerIcon":{"setDefaultProviders":["org.appcelerator.kroll.KrollConverter"],"get":false,"runOnUiThread":false,"set":true,"getHasInvocation":false,"setMethodArgs":[{"defaultValueProvider":"org.appcelerator.kroll.KrollConverter","converter":"org.appcelerator.kroll.KrollConverter","sourceName":"arg","name":"arg","type":"java.lang.Object"}],"setReturnType":"void","javascriptConverter":"org.appcelerator.kroll.KrollConverter","defaultValueProvider":"org.appcelerator.kroll.KrollConverter","converter":"org.appcelerator.kroll.KrollConverter","name":"hamburgerIcon","retain":true,"setMethodName":"setHamburgerIcon","nativeConverter":"org.appcelerator.kroll.KrollConverter","setHasInvocation":false},"rightDrawerWidth":{"setDefaultProviders":["org.appcelerator.kroll.KrollConverter"],"get":false,"runOnUiThread":false,"set":true,"getHasInvocation":false,"setMethodArgs":[{"defaultValueProvider":"org.appcelerator.kroll.KrollConverter","converter":"org.appcelerator.kroll.KrollConverter","sourceName":"arg","name":"arg","type":"java.lang.Object"}],"setReturnType":"void","javascriptConverter":"org.appcelerator.kroll.KrollConverter","defaultValueProvider":"org.appcelerator.kroll.KrollConverter","converter":"org.appcelerator.kroll.KrollConverter","name":"rightDrawerWidth","retain":true,"setMethodName":"setRightDrawerWidth","nativeConverter":"org.appcelerator.kroll.KrollConverter","setHasInvocation":false},"openDrawerGestureMode":{"setDefaultProviders":["org.appcelerator.kroll.KrollConverter"],"get":false,"runOnUiThread":false,"set":true,"getHasInvocation":false,"setMethodArgs":[{"defaultValueProvider":"org.appcelerator.kroll.KrollConverter","converter":"org.appcelerator.kroll.KrollConverter","sourceName":"arg","name":"arg","type":"java.lang.Object"}],"setReturnType":"void","javascriptConverter":"org.appcelerator.kroll.KrollConverter","defaultValueProvider":"org.appcelerator.kroll.KrollConverter","converter":"org.appcelerator.kroll.KrollConverter","name":"openDrawerGestureMode","retain":true,"setMethodName":"setOpenDrawerGestureMode","nativeConverter":"org.appcelerator.kroll.KrollConverter","setHasInvocation":false},"animationMode":{"setDefaultProviders":["org.appcelerator.kroll.KrollConverter"],"get":false,"runOnUiThread":false,"set":true,"getHasInvocation":false,"setMethodArgs":[{"defaultValueProvider":"org.appcelerator.kroll.KrollConverter","converter":"org.appcelerator.kroll.KrollConverter","sourceName":"arg","name":"arg","type":"java.lang.Object"}],"setReturnType":"void","javascriptConverter":"org.appcelerator.kroll.KrollConverter","defaultValueProvider":"org.appcelerator.kroll.KrollConverter","converter":"org.appcelerator.kroll.KrollConverter","name":"animationMode","retain":true,"setMethodName":"setAnimationMode","nativeConverter":"org.appcelerator.kroll.KrollConverter","setHasInvocation":false},"centerWindow":{"setDefaultProviders":["org.appcelerator.kroll.KrollConverter"],"get":false,"runOnUiThread":false,"set":true,"getHasInvocation":false,"setMethodArgs":[{"defaultValueProvider":"org.appcelerator.kroll.KrollConverter","converter":"org.appcelerator.kroll.KrollConverter","sourceName":"arg","name":"arg","type":"java.lang.Object"}],"setReturnType":"void","javascriptConverter":"org.appcelerator.kroll.KrollConverter","defaultValueProvider":"org.appcelerator.kroll.KrollConverter","converter":"org.appcelerator.kroll.KrollConverter","name":"centerWindow","retain":true,"setMethodName":"setCenterWindow","nativeConverter":"org.appcelerator.kroll.KrollConverter","setHasInvocation":false},"closeDrawerGestureMode":{"setDefaultProviders":["org.appcelerator.kroll.KrollConverter"],"get":false,"runOnUiThread":false,"set":true,"getHasInvocation":false,"setMethodArgs":[{"defaultValueProvider":"org.appcelerator.kroll.KrollConverter","converter":"org.appcelerator.kroll.KrollConverter","sourceName":"arg","name":"arg","type":"java.lang.Object"}],"setReturnType":"void","javascriptConverter":"org.appcelerator.kroll.KrollConverter","defaultValueProvider":"org.appcelerator.kroll.KrollConverter","converter":"org.appcelerator.kroll.KrollConverter","name":"closeDrawerGestureMode","retain":true,"setMethodName":"setCloseDrawerGestureMode","nativeConverter":"org.appcelerator.kroll.KrollConverter","setHasInvocation":false},"hamburgerIconColor":{"setDefaultProviders":["org.appcelerator.kroll.KrollConverter"],"get":false,"runOnUiThread":false,"set":true,"getHasInvocation":false,"setMethodArgs":[{"defaultValueProvider":"org.appcelerator.kroll.KrollConverter","converter":"org.appcelerator.kroll.KrollConverter","sourceName":"arg","name":"arg","type":"java.lang.Object"}],"setReturnType":"void","javascriptConverter":"org.appcelerator.kroll.KrollConverter","defaultValueProvider":"org.appcelerator.kroll.KrollConverter","converter":"org.appcelerator.kroll.KrollConverter","name":"hamburgerIconColor","retain":true,"setMethodName":"setHamburgerIconColor","nativeConverter":"org.appcelerator.kroll.KrollConverter","setHasInvocation":false},"parallaxAmount":{"setDefaultProviders":["org.appcelerator.kroll.KrollConverter"],"getMethodArgs":[],"get":true,"runOnUiThread":false,"set":true,"getHasInvocation":false,"getMethodName":"getParallaxAmount","getReturnType":"float","setMethodArgs":[{"defaultValueProvider":"org.appcelerator.kroll.KrollConverter","converter":"org.appcelerator.kroll.KrollConverter","sourceName":"value","name":"value","type":"java.lang.Object"}],"setReturnType":"void","javascriptConverter":"org.appcelerator.kroll.KrollConverter","getDefaultProviders":[],"defaultValueProvider":"org.appcelerator.kroll.KrollConverter","converter":"org.appcelerator.kroll.KrollConverter","name":"parallaxAmount","retain":true,"setMethodName":"setParallaxAmount","nativeConverter":"org.appcelerator.kroll.KrollConverter","setHasInvocation":false}},"sourceName":"dk.napp.drawer.DrawerProxyBindingGen","genClassName":"DrawerProxyBindingGen","isModule":false,"superPackageName":"org.appcelerator.titanium.proxy"},"dk.napp.drawer.NappdrawerModule":{"proxyClassName":"NappdrawerModule","superProxyClassName":"KrollModule","proxyAttrs":{"proxyClassName":"dk.napp.drawer.NappdrawerModule","id":"dk.napp.drawer","propertyAccessors":[],"isTopLevel":false,"name":"Nappdrawer","fullAPIName":"Nappdrawer"},"superProxyBindingClassName":"org.appcelerator.kroll.KrollModuleBindingGen","packageName":"dk.napp.drawer","sourceName":"dk.napp.drawer.NappdrawerModuleBindingGen","constants":{"OPEN_MODE_NONE":{"name":"OPEN_MODE_NONE","value":2,"proxyName":"OPEN_MODE_NONE","type":"int"},"ANIMATION_ZOOM":{"name":"ANIMATION_ZOOM","value":3,"proxyName":"ANIMATION_ZOOM","type":"int"},"CLOSE_MODE_MARGIN":{"name":"CLOSE_MODE_MARGIN","value":0,"proxyName":"CLOSE_MODE_MARGIN","type":"int"},"ANIMATION_SCALE":{"name":"ANIMATION_SCALE","value":4,"proxyName":"ANIMATION_SCALE","type":"int"},"ANIMATION_SLIDEUP":{"name":"ANIMATION_SLIDEUP","value":2,"proxyName":"ANIMATION_SLIDEUP","type":"int"},"CLOSE_MODE_ALL":{"name":"CLOSE_MODE_ALL","value":1,"proxyName":"CLOSE_MODE_ALL","type":"int"},"OPEN_MODE_MARGIN":{"name":"OPEN_MODE_MARGIN","value":0,"proxyName":"OPEN_MODE_MARGIN","type":"int"},"CENTER_WINDOW":{"name":"CENTER_WINDOW","value":2,"proxyName":"CENTER_WINDOW","type":"int"},"ANIMATION_NONE":{"name":"ANIMATION_NONE","value":1,"proxyName":"ANIMATION_NONE","type":"int"},"OPEN_MODE_ALL":{"name":"OPEN_MODE_ALL","value":1,"proxyName":"OPEN_MODE_ALL","type":"int"},"RIGHT_WINDOW":{"name":"RIGHT_WINDOW","value":3,"proxyName":"RIGHT_WINDOW","type":"int"},"LEFT_WINDOW":{"name":"LEFT_WINDOW","value":1,"proxyName":"LEFT_WINDOW","type":"int"},"CLOSE_MODE_NONE":{"name":"CLOSE_MODE_NONE","value":2,"proxyName":"CLOSE_MODE_NONE","type":"int"}},"genClassName":"NappdrawerModuleBindingGen","isModule":true,"superPackageName":"org.appcelerator.kroll","onAppCreate":"onAppCreate"}}}}]},"gzip":true,"followAllRedirects":true,"url":"https://security.appcelerator.com/build-verify"}
[TRACE]  Emulator not running yet, continuing to wait
[TRACE]  result from /build-verify=> undefined, err={"resp":{"statusCode":503}}